# JRE version: OpenJDK Runtime Environment Temurin-21.0.11+10 (21.0.11+10) (build 21.0.11+10-LTS)
# Java VM: OpenJDK 64-Bit Server VM Temurin-21.0.11+10 (21.0.11+10-LTS, mixed mode, sharing, tiered, compressed oops, compressed class ptrs, parallel gc, windows-amd64)
GC Precious Log:
 CardTable entry size: 512
 CPUs: 8 total, 8 available
 Memory: 7413M
 Large Page Support: Disabled
 NUMA Support: Disabled
 Compressed Oops: Enabled (32-bit)
 Alignments: Space 512K, Generation 512K, Heap 2M
 Heap Min Capacity: 100M
 Heap Initial Capacity: 100M
 Heap Max Capacity: 2G
 Pre-touch: Disabled
 Parallel Workers: 8
Heap:
 PSYoungGen      total 3072K, used 1770K [0x00000000d5580000, 0x00000000d5a80000, 0x0000000100000000)
  eden space 2560K, 61% used [0x00000000d5580000,0x00000000d570ab18,0x00000000d5800000)
  from space 512K, 37% used [0x00000000d5980000,0x00000000d59b0000,0x00000000d5a00000)
  to   space 512K, 0% used [0x00000000d5a00000,0x00000000d5a00000,0x00000000d5a80000)
 ParOldGen       total 608768K, used 219127K [0x0000000080000000, 0x00000000a5280000, 0x00000000d5580000)
  object space 608768K, 35% used [0x0000000080000000,0x000000008d5fdc58,0x00000000a5280000)
 Metaspace       used 91290K, committed 93184K, reserved 1179648K
  class space    used 9421K, committed 10304K, reserved 1048576K
GC Heap History (20 events):
Event: 690.161 GC heap before
{Heap before GC invocations=1827 (full 5):
 PSYoungGen      total 7168K, used 6528K [0x00000000d5580000, 0x00000000d5e80000, 0x0000000100000000)
  eden space 6144K, 100% used [0x00000000d5580000,0x00000000d5b80000,0x00000000d5b80000)
  from space 1024K, 37% used [0x00000000d5c80000,0x00000000d5ce0000,0x00000000d5d80000)
  to   space 512K, 0% used [0x00000000d5e00000,0x00000000d5e00000,0x00000000d5e80000)
 ParOldGen       total 608768K, used 211318K [0x0000000080000000, 0x00000000a5280000, 0x00000000d5580000)
  object space 608768K, 34% used [0x0000000080000000,0x000000008ce5d868,0x00000000a5280000)
 Metaspace       used 91241K, committed 93120K, reserved 1179648K
  class space    used 9421K, committed 10304K, reserved 1048576K
}
Event: 690.172 GC heap after
{Heap after GC invocations=1827 (full 5):
 PSYoungGen      total 5632K, used 505K [0x00000000d5580000, 0x00000000d6280000, 0x0000000100000000)
  eden space 5120K, 0% used [0x00000000d5580000,0x00000000d5580000,0x00000000d5a80000)
  from space 512K, 98% used [0x00000000d5e00000,0x00000000d5e7e760,0x00000000d5e80000)
  to   space 3584K, 0% used [0x00000000d5a80000,0x00000000d5a80000,0x00000000d5e00000)
 ParOldGen       total 608768K, used 213887K [0x0000000080000000, 0x00000000a5280000, 0x00000000d5580000)
  object space 608768K, 35% used [0x0000000080000000,0x000000008d0dffc8,0x00000000a5280000)
 Metaspace       used 91241K, committed 93120K, reserved 1179648K
  class space    used 9421K, committed 10304K, reserved 1048576K
}
Event: 690.222 GC heap before
{Heap before GC invocations=1828 (full 5):
 PSYoungGen      total 5632K, used 5521K [0x00000000d5580000, 0x00000000d6280000, 0x0000000100000000)
  eden space 5120K, 97% used [0x00000000d5580000,0x00000000d5a66098,0x00000000d5a80000)
  from space 512K, 98% used [0x00000000d5e00000,0x00000000d5e7e760,0x00000000d5e80000)
  to   space 3584K, 0% used [0x00000000d5a80000,0x00000000d5a80000,0x00000000d5e00000)
 ParOldGen       total 608768K, used 213887K [0x0000000080000000, 0x00000000a5280000, 0x00000000d5580000)
  object space 608768K, 35% used [0x0000000080000000,0x000000008d0dffc8,0x00000000a5280000)
 Metaspace       used 91243K, committed 93120K, reserved 1179648K
  class space    used 9421K, committed 10304K, reserved 1048576K
}
Event: 690.224 GC heap after
{Heap after GC invocations=1828 (full 5):
 PSYoungGen      total 6144K, used 739K [0x00000000d5580000, 0x00000000d5e80000, 0x0000000100000000)
  eden space 5120K, 0% used [0x00000000d5580000,0x00000000d5580000,0x00000000d5a80000)
  from space 1024K, 72% used [0x00000000d5a80000,0x00000000d5b38e48,0x00000000d5b80000)
  to   space 2048K, 0% used [0x00000000d5c80000,0x00000000d5c80000,0x00000000d5e80000)
 ParOldGen       total 608768K, used 213983K [0x0000000080000000, 0x00000000a5280000, 0x00000000d5580000)
  object space 608768K, 35% used [0x0000000080000000,0x000000008d0f7fd8,0x00000000a5280000)
 Metaspace       used 91243K, committed 93120K, reserved 1179648K
  class space    used 9421K, committed 10304K, reserved 1048576K
}
Event: 690.234 GC heap before
{Heap before GC invocations=1829 (full 5):
 PSYoungGen      total 6144K, used 5859K [0x00000000d5580000, 0x00000000d5e80000, 0x0000000100000000)
  eden space 5120K, 100% used [0x00000000d5580000,0x00000000d5a80000,0x00000000d5a80000)
  from space 1024K, 72% used [0x00000000d5a80000,0x00000000d5b38e48,0x00000000d5b80000)
  to   space 2048K, 0% used [0x00000000d5c80000,0x00000000d5c80000,0x00000000d5e80000)
 ParOldGen       total 608768K, used 213983K [0x0000000080000000, 0x00000000a5280000, 0x00000000d5580000)
  object space 608768K, 35% used [0x0000000080000000,0x000000008d0f7fd8,0x00000000a5280000)
 Metaspace       used 91249K, committed 93120K, reserved 1179648K
  class space    used 9421K, committed 10304K, reserved 1048576K
}
Event: 690.260 GC heap after
{Heap after GC invocations=1829 (full 5):
 PSYoungGen      total 4096K, used 2031K [0x00000000d5580000, 0x00000000d6580000, 0x0000000100000000)
  eden space 2048K, 0% used [0x00000000d5580000,0x00000000d5580000,0x00000000d5780000)
  from space 2048K, 99% used [0x00000000d5c80000,0x00000000d5e7be38,0x00000000d5e80000)
  to   space 5120K, 0% used [0x00000000d5780000,0x00000000d5780000,0x00000000d5c80000)
 ParOldGen       total 608768K, used 216387K [0x0000000080000000, 0x00000000a5280000, 0x00000000d5580000)
  object space 608768K, 35% used [0x0000000080000000,0x000000008d350e20,0x00000000a5280000)
 Metaspace       used 91249K, committed 93120K, reserved 1179648K
  class space    used 9421K, committed 10304K, reserved 1048576K
}
Event: 690.543 GC heap before
{Heap before GC invocations=1830 (full 5):
 PSYoungGen      total 4096K, used 4079K [0x00000000d5580000, 0x00000000d6580000, 0x0000000100000000)
  eden space 2048K, 100% used [0x00000000d5580000,0x00000000d5780000,0x00000000d5780000)
  from space 2048K, 99% used [0x00000000d5c80000,0x00000000d5e7be38,0x00000000d5e80000)
  to   space 5120K, 0% used [0x00000000d5780000,0x00000000d5780000,0x00000000d5c80000)
 ParOldGen       total 608768K, used 216387K [0x0000000080000000, 0x00000000a5280000, 0x00000000d5580000)
  object space 608768K, 35% used [0x0000000080000000,0x000000008d350e20,0x00000000a5280000)
 Metaspace       used 91254K, committed 93184K, reserved 1179648K
  class space    used 9421K, committed 10304K, reserved 1048576K
}
Event: 690.556 GC heap after
{Heap after GC invocations=1830 (full 5):
 PSYoungGen      total 3584K, used 1024K [0x00000000d5580000, 0x00000000d5d00000, 0x0000000100000000)
  eden space 2048K, 0% used [0x00000000d5580000,0x00000000d5580000,0x00000000d5780000)
  from space 1536K, 66% used [0x00000000d5780000,0x00000000d5880010,0x00000000d5900000)
  to   space 2560K, 0% used [0x00000000d5a80000,0x00000000d5a80000,0x00000000d5d00000)
 ParOldGen       total 608768K, used 218207K [0x0000000080000000, 0x00000000a5280000, 0x00000000d5580000)
  object space 608768K, 35% used [0x0000000080000000,0x000000008d517c58,0x00000000a5280000)
 Metaspace       used 91254K, committed 93184K, reserved 1179648K
  class space    used 9421K, committed 10304K, reserved 1048576K
}
Event: 690.560 GC heap before
{Heap before GC invocations=1831 (full 5):
 PSYoungGen      total 3584K, used 3072K [0x00000000d5580000, 0x00000000d5d00000, 0x0000000100000000)
  eden space 2048K, 100% used [0x00000000d5580000,0x00000000d5780000,0x00000000d5780000)
  from space 1536K, 66% used [0x00000000d5780000,0x00000000d5880010,0x00000000d5900000)
  to   space 2560K, 0% used [0x00000000d5a80000,0x00000000d5a80000,0x00000000d5d00000)
 ParOldGen       total 608768K, used 218207K [0x0000000080000000, 0x00000000a5280000, 0x00000000d5580000)
  object space 608768K, 35% used [0x0000000080000000,0x000000008d517c58,0x00000000a5280000)
 Metaspace       used 91254K, committed 93184K, reserved 1179648K
  class space    used 9421K, committed 10304K, reserved 1048576K
}
Event: 690.564 GC heap after
{Heap after GC invocations=1831 (full 5):
 PSYoungGen      total 3072K, used 496K [0x00000000d5580000, 0x00000000d5b00000, 0x0000000100000000)
  eden space 2560K, 0% used [0x00000000d5580000,0x00000000d5580000,0x00000000d5800000)
  from space 512K, 96% used [0x00000000d5a80000,0x00000000d5afc010,0x00000000d5b00000)
  to   space 1024K, 0% used [0x00000000d5900000,0x00000000d5900000,0x00000000d5a00000)
 ParOldGen       total 608768K, used 219007K [0x0000000080000000, 0x00000000a5280000, 0x00000000d5580000)
  object space 608768K, 35% used [0x0000000080000000,0x000000008d5dfc58,0x00000000a5280000)
 Metaspace       used 91254K, committed 93184K, reserved 1179648K
  class space    used 9421K, committed 10304K, reserved 1048576K
}
Event: 690.782 GC heap before
{Heap before GC invocations=1832 (full 5):
 PSYoungGen      total 3072K, used 3056K [0x00000000d5580000, 0x00000000d5b00000, 0x0000000100000000)
  eden space 2560K, 100% used [0x00000000d5580000,0x00000000d5800000,0x00000000d5800000)
  from space 512K, 96% used [0x00000000d5a80000,0x00000000d5afc010,0x00000000d5b00000)
  to   space 1024K, 0% used [0x00000000d5900000,0x00000000d5900000,0x00000000d5a00000)
 ParOldGen       total 608768K, used 219007K [0x0000000080000000, 0x00000000a5280000, 0x00000000d5580000)
  object space 608768K, 35% used [0x0000000080000000,0x000000008d5dfc58,0x00000000a5280000)
 Metaspace       used 91254K, committed 93184K, reserved 1179648K
  class space    used 9421K, committed 10304K, reserved 1048576K
}
Event: 690.783 GC heap after
{Heap after GC invocations=1832 (full 5):
 PSYoungGen      total 3584K, used 432K [0x00000000d5580000, 0x00000000d5b00000, 0x0000000100000000)
  eden space 2560K, 0% used [0x00000000d5580000,0x00000000d5580000,0x00000000d5800000)
  from space 1024K, 42% used [0x00000000d5900000,0x00000000d596c010,0x00000000d5a00000)
  to   space 1024K, 0% used [0x00000000d5a00000,0x00000000d5a00000,0x00000000d5b00000)
 ParOldGen       total 608768K, used 219023K [0x0000000080000000, 0x00000000a5280000, 0x00000000d5580000)
  object space 608768K, 35% used [0x0000000080000000,0x000000008d5e3c58,0x00000000a5280000)
 Metaspace       used 91254K, committed 93184K, reserved 1179648K
  class space    used 9421K, committed 10304K, reserved 1048576K
}
Event: 700.885 GC heap before
{Heap before GC invocations=1833 (full 5):
 PSYoungGen      total 3584K, used 2992K [0x00000000d5580000, 0x00000000d5b00000, 0x0000000100000000)
  eden space 2560K, 100% used [0x00000000d5580000,0x00000000d5800000,0x00000000d5800000)
  from space 1024K, 42% used [0x00000000d5900000,0x00000000d596c010,0x00000000d5a00000)
  to   space 1024K, 0% used [0x00000000d5a00000,0x00000000d5a00000,0x00000000d5b00000)
 ParOldGen       total 608768K, used 219023K [0x0000000080000000, 0x00000000a5280000, 0x00000000d5580000)
  object space 608768K, 35% used [0x0000000080000000,0x000000008d5e3c58,0x00000000a5280000)
 Metaspace       used 91271K, committed 93184K, reserved 1179648K
  class space    used 9421K, committed 10304K, reserved 1048576K
}
Event: 700.886 GC heap after
{Heap after GC invocations=1833 (full 5):
 PSYoungGen      total 3072K, used 288K [0x00000000d5580000, 0x00000000d5a80000, 0x0000000100000000)
  eden space 2560K, 0% used [0x00000000d5580000,0x00000000d5580000,0x00000000d5800000)
  from space 512K, 56% used [0x00000000d5a00000,0x00000000d5a48000,0x00000000d5a80000)
  to   space 512K, 0% used [0x00000000d5980000,0x00000000d5980000,0x00000000d5a00000)
 ParOldGen       total 608768K, used 219039K [0x0000000080000000, 0x00000000a5280000, 0x00000000d5580000)
  object space 608768K, 35% used [0x0000000080000000,0x000000008d5e7c58,0x00000000a5280000)
 Metaspace       used 91271K, committed 93184K, reserved 1179648K
  class space    used 9421K, committed 10304K, reserved 1048576K
}
Event: 770.018 GC heap before
{Heap before GC invocations=1834 (full 5):
 PSYoungGen      total 3072K, used 2848K [0x00000000d5580000, 0x00000000d5a80000, 0x0000000100000000)
  eden space 2560K, 100% used [0x00000000d5580000,0x00000000d5800000,0x00000000d5800000)
  from space 512K, 56% used [0x00000000d5a00000,0x00000000d5a48000,0x00000000d5a80000)
  to   space 512K, 0% used [0x00000000d5980000,0x00000000d5980000,0x00000000d5a00000)
 ParOldGen       total 608768K, used 219039K [0x0000000080000000, 0x00000000a5280000, 0x00000000d5580000)
  object space 608768K, 35% used [0x0000000080000000,0x000000008d5e7c58,0x00000000a5280000)
 Metaspace       used 91276K, committed 93184K, reserved 1179648K
  class space    used 9421K, committed 10304K, reserved 1048576K
}
Event: 770.035 GC heap after
{Heap after GC invocations=1834 (full 5):
 PSYoungGen      total 3072K, used 224K [0x00000000d5580000, 0x00000000d5a80000, 0x0000000100000000)
  eden space 2560K, 0% used [0x00000000d5580000,0x00000000d5580000,0x00000000d5800000)
  from space 512K, 43% used [0x00000000d5980000,0x00000000d59b8000,0x00000000d5a00000)
  to   space 512K, 0% used [0x00000000d5a00000,0x00000000d5a00000,0x00000000d5a80000)
 ParOldGen       total 608768K, used 219079K [0x0000000080000000, 0x00000000a5280000, 0x00000000d5580000)
  object space 608768K, 35% used [0x0000000080000000,0x000000008d5f1c58,0x00000000a5280000)
 Metaspace       used 91276K, committed 93184K, reserved 1179648K
  class space    used 9421K, committed 10304K, reserved 1048576K
}
Event: 775.310 GC heap before
{Heap before GC invocations=1835 (full 5):
 PSYoungGen      total 3072K, used 2784K [0x00000000d5580000, 0x00000000d5a80000, 0x0000000100000000)
  eden space 2560K, 100% used [0x00000000d5580000,0x00000000d5800000,0x00000000d5800000)
  from space 512K, 43% used [0x00000000d5980000,0x00000000d59b8000,0x00000000d5a00000)
  to   space 512K, 0% used [0x00000000d5a00000,0x00000000d5a00000,0x00000000d5a80000)
 ParOldGen       total 608768K, used 219079K [0x0000000080000000, 0x00000000a5280000, 0x00000000d5580000)
  object space 608768K, 35% used [0x0000000080000000,0x000000008d5f1c58,0x00000000a5280000)
 Metaspace       used 91276K, committed 93184K, reserved 1179648K
  class space    used 9421K, committed 10304K, reserved 1048576K
}
Event: 775.313 GC heap after
{Heap after GC invocations=1835 (full 5):
 PSYoungGen      total 3072K, used 224K [0x00000000d5580000, 0x00000000d5a80000, 0x0000000100000000)
  eden space 2560K, 0% used [0x00000000d5580000,0x00000000d5580000,0x00000000d5800000)
  from space 512K, 43% used [0x00000000d5a00000,0x00000000d5a38000,0x00000000d5a80000)
  to   space 512K, 0% used [0x00000000d5980000,0x00000000d5980000,0x00000000d5a00000)
 ParOldGen       total 608768K, used 219119K [0x0000000080000000, 0x00000000a5280000, 0x00000000d5580000)
  object space 608768K, 35% used [0x0000000080000000,0x000000008d5fbc58,0x00000000a5280000)
 Metaspace       used 91276K, committed 93184K, reserved 1179648K
  class space    used 9421K, committed 10304K, reserved 1048576K
}
Event: 2744.086 GC heap before
{Heap before GC invocations=1836 (full 5):
 PSYoungGen      total 3072K, used 2784K [0x00000000d5580000, 0x00000000d5a80000, 0x0000000100000000)
  eden space 2560K, 100% used [0x00000000d5580000,0x00000000d5800000,0x00000000d5800000)
  from space 512K, 43% used [0x00000000d5a00000,0x00000000d5a38000,0x00000000d5a80000)
  to   space 512K, 0% used [0x00000000d5980000,0x00000000d5980000,0x00000000d5a00000)
 ParOldGen       total 608768K, used 219119K [0x0000000080000000, 0x00000000a5280000, 0x00000000d5580000)
  object space 608768K, 35% used [0x0000000080000000,0x000000008d5fbc58,0x00000000a5280000)
 Metaspace       used 91289K, committed 93184K, reserved 1179648K
  class space    used 9421K, committed 10304K, reserved 1048576K
}
Event: 2744.130 GC heap after
{Heap after GC invocations=1836 (full 5):
 PSYoungGen      total 3072K, used 192K [0x00000000d5580000, 0x00000000d5a80000, 0x0000000100000000)
  eden space 2560K, 0% used [0x00000000d5580000,0x00000000d5580000,0x00000000d5800000)
  from space 512K, 37% used [0x00000000d5980000,0x00000000d59b0000,0x00000000d5a00000)
  to   space 512K, 0% used [0x00000000d5a00000,0x00000000d5a00000,0x00000000d5a80000)
 ParOldGen       total 608768K, used 219127K [0x0000000080000000, 0x00000000a5280000, 0x00000000d5580000)
  object space 608768K, 35% used [0x0000000080000000,0x000000008d5fdc58,0x00000000a5280000)
 Metaspace       used 91289K, committed 93184K, reserved 1179648K
  class space    used 9421K, committed 10304K, reserved 1048576K
}

